<?xml version="1.0" encoding="UTF-8"?>
<!-- Generated by org.testng.reporters.JUnitReportReporter -->
<testsuite hostname="3d45c7266df8" failures="0" tests="1" name="com.remote.topdandy.LoginNewTest" time="4.660" errors="0" timestamp="2023-11-02T22:41:55 GMT" skipped="0">
  <testcase classname="com.remote.topdandy.LoginNewTest" name="loginNewTest" time="4.660"/>
</testsuite> <!-- com.remote.topdandy.LoginNewTest -->
