<?xml version="1.0" encoding="UTF-8"?>
<!-- Generated by org.testng.reporters.JUnitReportReporter -->
<testsuite hostname="3d45c7266df8" failures="0" tests="1" name="com.remote.topdandy.LoginTest" time="5.262" errors="0" timestamp="2023-11-02T22:41:55 GMT" skipped="0">
  <testcase classname="com.remote.topdandy.LoginTest" name="loginTest" time="5.262"/>
</testsuite> <!-- com.remote.topdandy.LoginTest -->
